<?xml version="1.0" encoding="UTF-8"?>
<!-- Generated by org.testng.reporters.JUnitXMLReporter -->
<testsuite hostname="DESKTOP-MOAHVBU" ignored="0" name="Test" tests="4" failures="0" timestamp="20 Feb 2021 07:10:31 GMT" time="0.125" errors="0">
  <testcase name="tc3" time="0.031" classname="org.testngdemo.Crossbrowserwithpp"/>
  <testcase name="tc0" time="0.031" classname="org.testngdemo.Crossbrowserwithpp"/>
  <testcase name="tc2" time="0.031" classname="org.testngdemo.Crossbrowserwithpp"/>
  <testcase name="tc1" time="0.031" classname="org.testngdemo.Crossbrowserwithpp"/>
</testsuite> <!-- Test -->
